[08/29/2022 13:49:27] Debug: Session id: a0698c41-3f37-489b-b3d4-7a6c75bf932e
[08/29/2022 13:49:27] Debug: Code Processor information: Name :SnowConvert, Version: 7.11.92.0
[08/29/2022 13:49:28] Debug: Getting license
[08/29/2022 13:49:28] Debug: License information
	Status: Failed
	Message: No active license available.
[08/29/2022 13:49:28] Info: Starting to validate parameters
[08/29/2022 13:49:28] Info: Parameters to validate: 
	Execution mode: Conversion
	LICENSE_KEY: d935a874-d2d2-475c-95a6-69439d9e03b9
[08/29/2022 13:49:28] Info: Validation of parameters: Success
[08/29/2022 13:49:28] Debug: Getting code descriptor
[08/29/2022 13:49:28] Debug: Code descriptor information
	Units: 906
	Units type: LOC
	All file bytes: 36973
	All found extensions: .sql,.dml,.ddl,.bteq,.btq,.fl,.fload,.ml,.mload,.mld,.tp,.tpump,.tpt
[08/29/2022 13:49:28] Debug: Calculating fingerprint
[08/29/2022 13:49:28] Debug: Fingerprint information Fingerprint(size=36973,projects=1)
[08/29/2022 13:49:28] Info: Starting to try to validate online license for execution
[08/29/2022 13:49:29] Debug: Getting license
[08/29/2022 13:49:29] Debug: License information
	Status: Failed
	Message: No active license available.
[08/29/2022 13:49:29] Debug: Starting the execution of the controller
[08/29/2022 13:49:30] Debug: Executing the worker: SnowConvert
[08/29/2022 13:49:42] Debug: Finished executing the worker: SnowConvert
[08/29/2022 13:49:44] Info: Controller execution ended
